Data shape: (12695, 64)
RTargetNet(
  (layers): Sequential(
    (0): Linear(in_features=64, out_features=50, bias=True)
    (1): LeakyReLU(negative_slope=0.25, inplace=True)
  )
)RNet(
  (layers): Sequential(
    (0): Linear(in_features=64, out_features=50, bias=True)
    (1): LeakyReLU(negative_slope=0.2, inplace=True)
    (2): Dropout(p=0.1, inplace=False)
  )
  (fc2): Linear(in_features=50, out_features=50, bias=True)
)Data shape: (12695, 64)
RTargetNet(
  (layers): Sequential(
    (0): Linear(in_features=64, out_features=50, bias=True)
    (1): LeakyReLU(negative_slope=0.25, inplace=True)
  )
)RNet(
  (layers): Sequential(
    (0): Linear(in_features=64, out_features=50, bias=True)
    (1): LeakyReLU(negative_slope=0.2, inplace=True)
    (2): Dropout(p=0.1, inplace=False)
  )
  (fc2): Linear(in_features=50, out_features=50, bias=True)
)